info: 19:42:15 --------------- Start chrome browser session -----------------
info: 19:42:16 Open minusrus page
info: 19:42:20 За підтримки
Сил Спеціальних Операцій
error: 19:42:20 text is not the same
info: 19:45:19 --------------- Start chrome browser session -----------------
info: 19:45:19 Open minusrus page
info: 19:45:25 За підтримки
Сил Спеціальних Операцій
error: 19:45:25 text is not the same
info: 20:13:13 --------------- Start chrome browser session -----------------
info: 20:13:14 Open minusrus page
info: 20:13:19 За,підтримки
Сил,Спеціальних,Операцій
error: 20:13:19 text is not the same
info: 20:14:50 --------------- Start chrome browser session -----------------
info: 20:14:51 Open minusrus page
info: 20:14:55 За<br>підтримки
Сил<br>Спеціальних<br>Операцій
error: 20:14:55 text is not the same
info: 10:04:54 --------------- Start chrome browser session -----------------
info: 10:04:58 Open minusrus page
info: 10:05:02 За підтримки
Сил Спеціальних Операцій
error: 10:05:02 text is not the same
info: 10:07:37 --------------- Start chrome browser session -----------------
info: 10:07:38 Open minusrus page
info: 10:07:42 За підтримки
Сил Спеціальних Операцій
info: 10:07:42 За підтримки
Сил Спеціальних Операцій
error: 10:07:42 text is not the same
info: 10:15:41 --------------- Start chrome browser session -----------------
info: 10:15:41 Open minusrus page
info: 10:15:47 За підтримки
Сил Спеціальних Операцій
error: 10:15:47 text is not the same
info: 10:19:57 --------------- Start chrome browser session -----------------
info: 10:19:58 Open minusrus page
info: 10:20:03 За підтримки
Сил Спеціальних Операцій
info: 11:51:15 --------------- Start chrome browser session -----------------
info: 11:51:16 Open minusrus page
info: 11:51:21 За підтримки
Сил Спеціальних Операцій
info: 12:00:24 --------------- Start chrome browser session -----------------
info: 12:00:25 Open minusrus page
info: 12:00:30 За підтримки
Сил Спеціальних Операцій
info: 12:01:34 --------------- Start chrome browser session -----------------
info: 12:01:34 Open minusrus page
info: 12:01:41 За підтримки
Сил Спеціальних Операцій
info: 12:03:02 --------------- Start chrome browser session -----------------
info: 12:03:03 Open minusrus page
info: 12:03:06 За підтримки Сил Спеціальних Операцій
info: 12:15:11 --------------- Start chrome browser session -----------------
info: 12:15:11 Open minusrus page
info: 12:15:16 За підтримки Сил Спеціальних Операцій
info: 13:43:59 --------------- Start chrome browser session -----------------
info: 13:43:59 Open minusrus page
info: 13:44:03 За підтримки Сил Спеціальних Операцій
info: 14:56:00 --------------- Start chrome browser session -----------------
info: 14:56:00 Open minusrus page
info: 14:56:25 За підтримки Сил Спеціальних Операцій
info: 14:56:41 --------------- Start chrome browser session -----------------
info: 14:56:41 Open minusrus page
info: 14:57:18 --------------- Start chrome browser session -----------------
info: 14:57:19 Open minusrus page
info: 16:52:50 --------------- Start chrome browser session -----------------
info: 16:52:51 Open minusrus page
info: 16:53:00 За підтримки Сил Спеціальних Операцій
info: 17:13:00 --------------- Start chrome browser session -----------------
info: 17:13:01 Open minusrus page
info: 17:13:06 За підтримки Сил Спеціальних Операцій
info: 17:15:23 --------------- Start chrome browser session -----------------
info: 17:15:23 Open minusrus page
info: 17:15:28 За підтримки Сил Спеціальних Операцій
info: 17:17:12 --------------- Start chrome browser session -----------------
info: 17:17:13 Open minusrus page
info: 17:17:17 За підтримки Сил Спеціальних Операцій
info: 17:19:38 --------------- Start chrome browser session -----------------
info: 17:19:39 Open minusrus page
info: 17:19:47 За підтримки Сил Спеціальних Операцій
info: 17:22:00 --------------- Start chrome browser session -----------------
info: 17:22:01 Open minusrus page
info: 17:22:08 За підтримки Сил Спеціальних Операцій
info: 17:27:37 --------------- Start chrome browser session -----------------
info: 17:27:37 Open minusrus page
info: 17:27:45 За підтримки Сил Спеціальних Операцій
info: 17:29:47 --------------- Start chrome browser session -----------------
info: 17:29:48 Open minusrus page
info: 17:29:56 За підтримки Сил Спеціальних Операцій
info: 17:37:14 --------------- Start chrome browser session -----------------
info: 17:37:15 Open minusrus page
info: 17:37:22 За підтримки Сил Спеціальних Операцій
info: 17:39:40 --------------- Start chrome browser session -----------------
info: 17:39:41 Open minusrus page
info: 17:39:49 За підтримки Сил Спеціальних Операцій
info: 17:39:52 delay
info: 17:41:49 --------------- Start chrome browser session -----------------
info: 17:41:49 Open minusrus page
info: 17:41:57 За підтримки Сил Спеціальних Операцій
info: 17:42:00 delay
info: 17:43:59 --------------- Start chrome browser session -----------------
info: 17:44:00 Open minusrus page
info: 17:44:08 За підтримки Сил Спеціальних Операцій
info: 17:44:13 delay
info: 17:50:43 --------------- Start chrome browser session -----------------
info: 17:50:44 Open minusrus page
info: 17:50:51 За підтримки Сил Спеціальних Операцій
info: 17:50:54 delay
info: 17:53:30 --------------- Start chrome browser session -----------------
info: 17:53:31 Open minusrus page
error: 17:53:39 no matches
info: 17:53:42 delay
info: 17:55:26 --------------- Start chrome browser session -----------------
info: 17:55:27 Open minusrus page
info: 17:55:35 За підтримки Сил Спеціальних Операцій
info: 17:55:38 delay
info: 17:57:40 --------------- Start chrome browser session -----------------
info: 17:57:40 Open minusrus page
info: 17:57:44 date
info: 17:57:47 За підтримки Сил Спеціальних Операцій
info: 17:57:50 delay
info: 18:00:12 --------------- Start chrome browser session -----------------
info: 18:00:12 Open minusrus page
info: 18:00:20 За підтримки Сил Спеціальних Операцій
info: 18:00:23 09.08.2022
info: 18:04:03 --------------- Start chrome browser session -----------------
info: 18:04:04 Open minusrus page
info: 18:04:11 За підтримки Сил Спеціальних Операцій
info: 18:04:14 09.08.2022
info: 18:06:58 --------------- Start chrome browser session -----------------
info: 18:07:00 Open minusrus page
info: 18:07:07 За підтримки Сил Спеціальних Операцій
info: 18:13:13 --------------- Start chrome browser session -----------------
info: 18:13:13 Open minusrus page
info: 18:13:21 За підтримки Сил Спеціальних Операцій
info: 18:15:05 --------------- Start chrome browser session -----------------
info: 18:15:05 Open minusrus page
info: 18:15:11 За підтримки Сил Спеціальних Операцій
info: 18:15:14 09.08.2022
info: 18:15:14 [object Promise]
info: 13:42:03 --------------- Start chrome browser session -----------------
info: 13:42:03 Open minusrus page
error: 13:42:12 no matches
info: 13:42:15 09.08.2022
info: 13:42:15 12.08.2022
info: 13:44:50 --------------- Start chrome browser session -----------------
info: 13:44:51 Open minusrus page
error: 13:44:58 no matches
info: 13:45:01 09.08.2022
info: 13:45:01 12.08.2022
info: 13:47:40 --------------- Start chrome browser session -----------------
info: 13:47:41 Open minusrus page
error: 13:47:49 no matches
info: 13:47:49 --------------- Start chrome browser session -----------------
info: 13:47:49 Open minusrus page
error: 13:47:58 no matches
info: 13:52:30 --------------- Start chrome browser session -----------------
info: 13:52:30 Open minusrus page
info: 13:52:38 За підтримки Сил Спеціальних Операцій
info: 13:52:38 --------------- Start chrome browser session -----------------
info: 13:52:38 Open minusrus page
info: 13:52:47 За підтримки Сил Спеціальних Операцій
info: 13:54:40 --------------- Start chrome browser session -----------------
info: 13:54:41 Open minusrus page
info: 13:54:48 За підтримки Сил Спеціальних Операцій
info: 13:54:51 09.08.2022
info: 13:54:51 12.08.2022
info: 14:07:51 --------------- Start chrome browser session -----------------
info: 14:07:51 Open minusrus page
info: 14:08:00 За підтримки Сил Спеціальних Операцій
info: 14:08:03 09.08.2022
info: 14:08:04 12.08.2022
info: 14:12:43 --------------- Start chrome browser session -----------------
info: 14:12:43 Open minusrus page
info: 14:12:51 За підтримки Сил Спеціальних Операцій
info: 14:12:54 09.08.2022
info: 14:12:54 12.08.2022
info: 14:12:54 --------------- Start chrome browser session -----------------
info: 14:12:54 Open minusrus page
info: 14:17:53 --------------- Start chrome browser session -----------------
info: 14:17:54 Open minusrus page
info: 14:18:01 За підтримки Сил Спеціальних Операцій
info: 14:18:04 09.08.2022
info: 14:18:04 12.08.2022
info: 14:20:28 --------------- Start chrome browser session -----------------
info: 14:20:28 Open minusrus page
info: 14:20:37 За підтримки Сил Спеціальних Операцій
info: 14:20:40 09.08.2022
info: 14:20:40 12.08.2022
info: 14:20:43 12.08.2022
info: 14:23:13 --------------- Start chrome browser session -----------------
info: 14:23:13 Open minusrus page
info: 14:23:21 За підтримки Сил Спеціальних Операцій
info: 14:23:24 09.08.2022
info: 14:23:25 12.08.2022
info: 14:27:43 --------------- Start chrome browser session -----------------
info: 14:27:43 Open minusrus page
info: 14:27:51 За підтримки Сил Спеціальних Операцій
info: 14:27:54 09.08.2022
info: 14:27:54 12.08.2022
info: 14:27:57 12.08.2022
info: 14:32:28 --------------- Start chrome browser session -----------------
info: 14:32:28 Open minusrus page
info: 14:32:35 За підтримки Сил Спеціальних Операцій
info: 14:32:38 09.08.2022
info: 14:32:39 12.08.2022
info: 14:37:36 --------------- Start chrome browser session -----------------
info: 14:37:36 Open minusrus page
info: 14:37:44 За підтримки Сил Спеціальних Операцій
info: 14:37:47 09.08.2022
info: 14:37:50 12.08.2022
info: 14:39:59 --------------- Start chrome browser session -----------------
info: 14:40:00 Open minusrus page
info: 14:40:07 За підтримки Сил Спеціальних Операцій
info: 14:40:10 09.08.2022
info: 14:40:13 12.08.2022
info: 14:41:57 --------------- Start chrome browser session -----------------
info: 14:41:57 Open minusrus page
info: 14:42:05 За підтримки Сил Спеціальних Операцій
info: 14:42:08 09.08.2022
info: 14:42:11 12.08.2022
info: 14:43:48 --------------- Start chrome browser session -----------------
info: 14:43:48 Open minusrus page
info: 14:43:56 За підтримки Сил Спеціальних Операцій
info: 14:43:59 09.08.2022
info: 14:44:02 12.08.2022
info: 18:39:51 --------------- Start chrome browser session -----------------
info: 18:39:52 Open minusrus page
info: 18:39:59 За підтримки Сил Спеціальних Операцій
info: 18:40:02 09.08.2022
info: 18:40:06 12.08.2022
info: 18:40:09 work1
info: 18:40:09 work2
info: 18:43:51 --------------- Start chrome browser session -----------------
info: 18:43:51 Open minusrus page
info: 18:43:59 За підтримки Сил Спеціальних Операцій
info: 18:44:02 09.08.2022
info: 18:44:05 12.08.2022
info: 18:47:16 --------------- Start chrome browser session -----------------
info: 18:47:17 Open minusrus page
info: 18:47:23 За підтримки Сил Спеціальних Операцій
info: 18:47:26 09.08.2022
info: 18:47:29 12.08.2022
info: 18:47:29 09.08.2022
info: 18:47:32 work2
info: 18:53:25 --------------- Start chrome browser session -----------------
info: 18:53:25 Open minusrus page
info: 18:53:32 За підтримки Сил Спеціальних Операцій
info: 18:53:35 09.08.2022
info: 18:53:38 12.08.2022
info: 18:53:38 09.08.2022
info: 18:53:41 work2
info: 18:53:41 undefined
info: 18:55:22 --------------- Start chrome browser session -----------------
info: 18:55:22 Open minusrus page
info: 18:55:29 За підтримки Сил Спеціальних Операцій
info: 18:55:32 09.08.2022
info: 18:55:35 12.08.2022
info: 18:55:35 09.08.2022
info: 18:55:38 work2
info: 18:55:38 undefined
info: 18:58:08 --------------- Start chrome browser session -----------------
info: 18:58:08 Open minusrus page
info: 18:58:15 За підтримки Сил Спеціальних Операцій
info: 18:58:18 09.08.2022
info: 18:58:21 12.08.2022
info: 18:58:21 09.08.2022
info: 18:58:24 work2
info: 18:58:24 undefined
info: 19:03:06 --------------- Start chrome browser session -----------------
info: 19:03:06 Open minusrus page
info: 19:03:13 За підтримки Сил Спеціальних Операцій
info: 19:03:16 09.08.2022
info: 19:03:20 12.08.2022
info: 19:03:20 09.08.2022
info: 19:03:20 [object Object]
info: 19:03:23 work2
info: 19:11:25 --------------- Start chrome browser session -----------------
info: 19:11:25 Open minusrus page
info: 19:11:32 За підтримки Сил Спеціальних Операцій
info: 19:11:35 09.08.2022
info: 13:57:59 --------------- Start chrome browser session -----------------
info: 13:57:59 Open minusrus page
info: 13:58:07 За підтримки Сил Спеціальних Операцій
info: 13:58:10 09.08.2022
info: 14:00:45 --------------- Start chrome browser session -----------------
info: 14:00:45 Open minusrus page
info: 14:00:52 За підтримки Сил Спеціальних Операцій
info: 14:00:55 09.08.2022
info: 14:04:23 --------------- Start chrome browser session -----------------
info: 14:04:23 Open minusrus page
info: 14:04:29 За підтримки Сил Спеціальних Операцій
info: 14:04:33 09.08.2022
info: 14:07:08 --------------- Start chrome browser session -----------------
info: 14:07:08 Open minusrus page
info: 14:07:15 За підтримки Сил Спеціальних Операцій
info: 14:07:18 09.08.2022
info: 14:19:54 --------------- Start chrome browser session -----------------
info: 14:19:54 Open minusrus page
info: 14:20:01 За підтримки Сил Спеціальних Операцій
info: 14:20:04 09.08.2022
info: 14:27:49 --------------- Start chrome browser session -----------------
info: 14:27:49 Open minusrus page
info: 14:28:02 За підтримки Сил Спеціальних Операцій
info: 14:28:05 09.08.2022
info: 14:28:05 [object Object]
info: 14:30:28 --------------- Start chrome browser session -----------------
info: 14:30:29 Open minusrus page
info: 14:30:35 За підтримки Сил Спеціальних Операцій
info: 14:30:38 09.08.2022
info: 14:30:38 [object Object]
info: 14:30:38 13.08.2022
info: 14:33:51 --------------- Start chrome browser session -----------------
info: 14:33:51 Open minusrus page
info: 14:34:00 За підтримки Сил Спеціальних Операцій
info: 14:34:03 09.08.2022
info: 14:34:03 [object Object]
info: 14:34:03 13.08.2022
info: 14:35:49 --------------- Start chrome browser session -----------------
info: 14:35:49 Open minusrus page
info: 14:35:57 За підтримки Сил Спеціальних Операцій
info: 14:36:00 09.08.2022
info: 14:36:00 [object Object]
info: 14:36:00 13.08.2022
info: 14:36:03 13.08.2022
info: 14:39:23 --------------- Start chrome browser session -----------------
info: 14:39:23 Open minusrus page
info: 14:39:29 За підтримки Сил Спеціальних Операцій
info: 14:39:32 09.08.2022
info: 14:39:32 [object Object]
info: 14:39:32 13.08.2022 logger1
info: 14:39:37 13.08.2022 logger2
info: 10:06:48 --------------- Start chrome browser session -----------------
info: 10:06:48 Open minusrus page
info: 10:06:55 За підтримки Сил Спеціальних Операцій
info: 10:06:58 09.08.2022
info: 10:06:58 [object Object]
info: 10:06:58 14.08.2022 logger1
info: 10:07:03 14.08.2022 logger2
info: 11:31:47 --------------- Start chrome browser session -----------------
info: 11:31:48 Open minusrus page
info: 11:31:54 За підтримки Сил Спеціальних Операцій
info: 11:31:57 09.08.2022
info: 11:31:57 [object Object]
info: 11:31:57 [object Object]
info: 11:31:57 [object Object]
info: 11:31:58 [object Object]
info: 11:31:58 [object Object]
info: 11:31:58 [object Object]
info: 11:31:58 [object Object]
info: 13:12:34 --------------- Start chrome browser session -----------------
info: 13:12:36 Open minusrus page
info: 13:12:44 За підтримки Сил Спеціальних Операцій
info: 13:12:47 09.08.2022
info: 13:12:47 [object Object]
info: 13:12:47 [object Object]
info: 13:12:47 [object Object]
info: 13:12:47 [object Object]
info: 13:12:47 [object Object]
info: 13:12:47 [object Object]
info: 13:12:47 [object Object]
info: 13:12:47 get percent of losses from site:0.5
info: 13:12:47 [object Promise]
error: 13:12:47 error
info: 13:17:01 --------------- Start chrome browser session -----------------
info: 13:17:02 Open minusrus page
info: 13:17:09 За підтримки Сил Спеціальних Операцій
info: 13:17:12 09.08.2022
info: 13:17:12 get percent of losses from site: 1.6
info: 13:25:24 --------------- Start chrome browser session -----------------
info: 13:25:24 Open minusrus page
info: 13:25:31 За підтримки Сил Спеціальних Операцій
info: 13:25:34 09.08.2022
info: 13:25:35 get percent of losses from site: 1.6
info: 13:27:46 --------------- Start chrome browser session -----------------
info: 13:27:46 Open minusrus page
info: 13:27:53 За підтримки Сил Спеціальних Операцій
info: 13:27:56 09.08.2022
info: 13:27:57 get percent of losses from site: 1.6
info: 13:35:52 --------------- Start chrome browser session -----------------
info: 13:35:52 Open minusrus page
info: 13:35:58 За підтримки Сил Спеціальних Операцій
info: 13:36:01 09.08.2022
info: 13:36:02 get percent of losses from site: 2.6
info: 13:37:13 --------------- Start chrome browser session -----------------
info: 13:37:13 Open minusrus page
info: 13:37:21 За підтримки Сил Спеціальних Операцій
info: 13:37:24 09.08.2022
info: 13:37:28 get percent of losses from site: 90.3
info: 13:41:20 --------------- Start chrome browser session -----------------
info: 13:41:20 Open minusrus page
info: 13:41:28 За підтримки Сил Спеціальних Операцій
info: 13:41:31 09.08.2022
info: 13:41:34 get percent of losses from site: 90.3
info: 13:47:00 --------------- Start chrome browser session -----------------
info: 13:47:00 Open minusrus page
info: 13:47:08 За підтримки Сил Спеціальних Операцій
info: 13:47:11 09.08.2022
info: 13:47:14 get percent of losses from site: 90.3
info: 13:47:14 [object Promise]
info: 13:49:48 --------------- Start chrome browser session -----------------
info: 13:49:48 Open minusrus page
info: 13:49:55 За підтримки Сил Спеціальних Операцій
info: 13:49:58 09.08.2022
info: 13:50:02 get percent of losses from site: 90.3
info: 13:50:02 [object Promise]
info: 13:54:20 --------------- Start chrome browser session -----------------
info: 13:54:21 Open minusrus page
info: 13:54:28 За підтримки Сил Спеціальних Операцій
info: 13:54:31 09.08.2022
info: 13:54:34 get percent of losses from site: 90.3
info: 13:54:34 [object Promise]
info: 13:54:34 get number of losses from site: 171.56
info: 13:54:34 110.74842620657496
info: 13:54:34 110.74842620657496
info: 14:02:23 --------------- Start chrome browser session -----------------
info: 14:02:23 Open minusrus page
info: 14:02:30 За підтримки Сил Спеціальних Операцій
info: 14:02:33 09.08.2022
info: 14:02:37 get percent of losses from site: 90.3
info: 14:02:37 [object Promise]
info: 14:02:37 get number of losses from site: 171.56
info: 14:02:37 90
info: 14:18:26 --------------- Start chrome browser session -----------------
info: 14:18:27 Open minusrus page
info: 14:18:37 За підтримки Сил Спеціальних Операцій
info: 14:18:40 09.08.2022
info: 14:18:44 get percent of losses from site: 90.3
info: 14:18:44 [object Promise]
info: 14:18:44 get number of losses from site: 171.56
info: 14:18:44 90
info: 14:22:08 --------------- Start chrome browser session -----------------
info: 14:22:08 Open minusrus page
info: 14:22:15 За підтримки Сил Спеціальних Операцій
info: 14:22:18 09.08.2022
info: 14:22:21 get percent of losses from site: 90.3
info: 14:22:21 [object Promise]
info: 14:22:21 get number of losses from site: 171.56
info: 14:22:21 90.3
info: 14:29:27 --------------- Start chrome browser session -----------------
info: 14:29:27 Open minusrus page
info: 14:29:35 За підтримки Сил Спеціальних Операцій
info: 14:29:38 09.08.2022
info: 14:29:41 get percent of losses from site: 90.3
info: 14:29:41 [object Promise]
error: 14:29:41 error
info: 14:29:41 get number of losses from site: 171.56
info: 14:29:41 90.3
info: 14:34:40 --------------- Start chrome browser session -----------------
info: 14:34:40 Open minusrus page
info: 14:34:48 За підтримки Сил Спеціальних Операцій
info: 14:34:51 09.08.2022
info: 14:34:55 get percent of losses from site: 90.3
info: 14:34:55 [object Promise]
error: 14:34:55 error
info: 14:34:55 get number of losses from site: 171.56
info: 14:34:55 90.3
info: 14:46:23 --------------- Start chrome browser session -----------------
info: 14:46:23 Open minusrus page
info: 14:46:30 За підтримки Сил Спеціальних Операцій
info: 14:46:33 09.08.2022
info: 14:46:37 get percent of losses from site: 90.3
info: 14:46:37 [object Promise]
error: 14:46:37 error
info: 14:46:37 get number of losses from site: 171.56
info: 14:46:37 90.3
info: 15:07:23 --------------- Start chrome browser session -----------------
info: 15:07:23 Open minusrus page
info: 15:07:30 За підтримки Сил Спеціальних Операцій
info: 15:07:33 09.08.2022
info: 15:07:37 get percent of losses from site: 90.3
info: 15:07:37 [object Promise]
error: 15:07:37 error
info: 15:07:37 get number of losses from site: 171.56
info: 15:07:37 90.3
info: 15:14:12 --------------- Start chrome browser session -----------------
info: 15:14:12 Open minusrus page
info: 15:14:19 За підтримки Сил Спеціальних Операцій
info: 15:14:22 09.08.2022
info: 15:14:27 get percent of losses from site: 90.3
info: 15:14:27 get number of losses from site: 171.56
info: 15:14:27 90.3
info: 15:14:27 90.3
info: 15:14:27 succes
info: 15:21:27 --------------- Start chrome browser session -----------------
info: 15:21:27 Open minusrus page
info: 15:21:34 За підтримки Сил Спеціальних Операцій
info: 15:21:37 09.08.2022
info: 15:21:41 get percent of losses from site: 90.3
info: 15:21:41 get number of losses from site: 171.56
info: 15:21:41 90.3
info: 15:21:41 90.3
info: 15:21:41 succes test with personal losses
info: 15:21:41 --------------- Start chrome browser session -----------------
info: 15:21:41 Open minusrus page
info: 15:21:47 За підтримки Сил Спеціальних Операцій
info: 15:21:50 06.08.2022
info: 15:41:44 --------------- Start chrome browser session -----------------
info: 15:41:45 Open minusrus page
info: 15:41:52 За підтримки Сил Спеціальних Операцій
info: 15:41:55 09.08.2022
info: 15:41:59 get percent of losses from site: 90.3
info: 15:41:59 get number of losses from site: 171.56
info: 15:41:59 90.3
info: 15:41:59 90.3
info: 15:41:59 succes test with personal losses
info: 15:41:59 --------------- Start chrome browser session -----------------
info: 15:41:59 Open minusrus page
info: 15:42:05 За підтримки Сил Спеціальних Операцій
info: 15:42:08 06.08.2022
info: 15:42:12 get daily percent of aircraft losses:67.6
info: 15:42:12 get daily number of aircraf losses:223
info: 15:42:12 67.6
info: 15:42:12 succes test with aircraft losses
info: 15:56:13 --------------- Start chrome browser session -----------------
info: 15:56:13 Open minusrus page
info: 15:56:20 За підтримки Сил Спеціальних Операцій
info: 15:56:23 09.08.2022
info: 15:56:26 get percent of losses from site: 90.3
info: 15:56:26 get number of losses from site: 171.56
info: 15:56:26 90.3
info: 15:56:26 90.3
info: 15:56:26 succes test with personal losses
info: 15:56:26 --------------- Start chrome browser session -----------------
info: 15:56:26 Open minusrus page
info: 15:56:34 За підтримки Сил Спеціальних Операцій
info: 15:56:37 06.08.2022
info: 15:56:41 get daily percent of aircraft losses:67.6
info: 15:56:41 get daily number of aircraf losses:223
info: 15:56:41 67.6
info: 15:56:41 succes test with aircraft losses
info: 15:58:35 --------------- Start chrome browser session -----------------
info: 15:58:35 Open minusrus page
info: 15:58:43 За підтримки Сил Спеціальних Операцій
info: 15:58:46 09.08.2022
info: 15:58:46 Mon Aug 15 2022 15:58:43 GMT+0300 (за східноєвропейським літнім часом)
info: 15:58:46 Invalid Date
info: 15:58:50 get percent of losses from site: 90.3
info: 15:58:50 get number of losses from site: 171.56
info: 15:58:50 90.3
info: 15:58:50 90.3
info: 15:58:50 succes test with personal losses
info: 15:58:50 --------------- Start chrome browser session -----------------
info: 15:58:50 Open minusrus page
info: 15:58:57 За підтримки Сил Спеціальних Операцій
info: 15:59:00 06.08.2022
info: 15:59:00 Mon Aug 15 2022 15:58:57 GMT+0300 (за східноєвропейським літнім часом)
info: 15:59:00 Invalid Date
info: 15:59:05 get daily percent of aircraft losses:67.6
info: 15:59:05 get daily number of aircraf losses:223
info: 15:59:05 67.6
info: 15:59:05 succes test with aircraft losses
info: 16:36:13 --------------- Start chrome browser session -----------------
info: 16:36:14 Open minusrus page
info: 16:36:20 За підтримки Сил Спеціальних Операцій
info: 16:36:23 09.08.2022
info: 16:36:23 Mon Aug 15 2022 16:36:20 GMT+0300 (за східноєвропейським літнім часом)
info: 16:36:23 Thu Sep 08 2022 00:00:00 GMT+0300 (за східноєвропейським літнім часом)
info: 16:36:27 get percent of losses from site: 90.3
info: 16:36:27 get number of losses from site: 171.56
info: 16:36:27 90.3
info: 16:36:27 90.3
info: 16:36:27 succes test with personal losses
info: 16:36:27 --------------- Start chrome browser session -----------------
info: 16:36:27 Open minusrus page
info: 16:36:35 За підтримки Сил Спеціальних Операцій
info: 16:36:38 06.08.2022
info: 16:36:38 succes DATA
info: 16:36:42 get daily percent of aircraft losses:67.6
info: 16:36:42 get daily number of aircraf losses:223
info: 16:36:42 67.6
info: 16:36:42 succes test with aircraft losses
info: 16:39:55 --------------- Start chrome browser session -----------------
info: 16:39:55 Open minusrus page
info: 16:40:03 За підтримки Сил Спеціальних Операцій
info: 16:40:06 16.08.2022
info: 16:42:40 --------------- Start firefox browser session -----------------
info: 16:42:40 Open minusrus page
info: 16:42:52 За підтримки Сил Спеціальних Операцій
info: 16:42:55 09.08.2022
info: 16:42:55 --------------- Start firefox browser session -----------------
info: 16:42:55 Open minusrus page
info: 16:43:08 За підтримки Сил Спеціальних Операцій
info: 16:43:11 06.08.2022
info: 16:43:11 succes DATA
info: 16:43:20 get daily percent of aircraft losses:2.1
info: 16:43:20 get daily number of aircraf losses:223
info: 16:43:20 67.6
error: 16:43:20 error: not equal
info: 16:45:21 --------------- Start firefox browser session -----------------
info: 16:45:22 Open minusrus page
info: 16:45:33 За підтримки Сил Спеціальних Операцій
info: 16:45:36 09.08.2022
info: 16:45:41 get percent of losses from site: 90.3
info: 16:45:41 get number of losses from site: 171.56
info: 16:45:41 90.3
info: 16:45:41 90.3
info: 16:45:41 succes test with personal losses
info: 16:45:41 --------------- Start firefox browser session -----------------
info: 16:45:41 Open minusrus page
info: 16:45:50 За підтримки Сил Спеціальних Операцій
info: 16:45:53 06.08.2022
info: 16:45:59 get daily percent of aircraft losses:67.6
info: 16:45:59 get daily number of aircraf losses:223
info: 16:45:59 67.6
info: 16:45:59 succes test with aircraft losses
info: 16:51:22 --------------- Start chrome browser session -----------------
info: 16:51:23 Open minusrus page
info: 16:51:32 За підтримки Сил Спеціальних Операцій
info: 16:51:35 09.08.2022
info: 16:51:35 Mon Aug 15 2022 16:51:32 GMT+0300 (за східноєвропейським літнім часом)
info: 16:51:35 Thu Sep 08 2022 00:00:00 GMT+0300 (за східноєвропейським літнім часом)
info: 16:51:35 --------------- Start chrome browser session -----------------
info: 16:51:35 Open minusrus page
info: 16:51:44 За підтримки Сил Спеціальних Операцій
info: 16:51:47 06.08.2022
info: 16:51:47 succes DATA
info: 16:51:47 Mon Aug 15 2022 16:51:44 GMT+0300 (за східноєвропейським літнім часом)
info: 16:51:47 Wed Jun 08 2022 00:00:00 GMT+0300 (за східноєвропейським літнім часом)
info: 16:51:51 get daily percent of aircraft losses:67.6
info: 16:51:51 get daily number of aircraf losses:223
info: 16:51:51 67.6
info: 16:51:51 succes test with aircraft losses
info: 17:12:48 --------------- Start chrome browser session -----------------
info: 17:12:48 Open minusrus page
info: 17:12:54 За підтримки Сил Спеціальних Операцій
info: 17:12:57 09.08.2022
info: 17:12:57 Mon Aug 15 2022 17:12:57 GMT+0300 (за східноєвропейським літнім часом)
info: 17:12:57 Invalid Date
info: 17:12:57 --------------- Start chrome browser session -----------------
info: 17:12:57 Open minusrus page
info: 17:13:05 За підтримки Сил Спеціальних Операцій
info: 17:13:08 06.08.2022
info: 17:13:08 Mon Aug 15 2022 17:13:08 GMT+0300 (за східноєвропейським літнім часом)
info: 17:13:08 Invalid Date
info: 17:14:49 --------------- Start chrome browser session -----------------
info: 17:14:49 Open minusrus page
info: 17:14:58 За підтримки Сил Спеціальних Операцій
info: 17:15:01 09.08.2022
info: 17:15:01 2202.80.90
info: 17:15:01 Mon Aug 15 2022 17:15:01 GMT+0300 (за східноєвропейським літнім часом)
info: 17:15:01 Invalid Date
info: 17:15:01 --------------- Start chrome browser session -----------------
info: 17:15:01 Open minusrus page
info: 17:15:08 За підтримки Сил Спеціальних Операцій
info: 17:15:11 06.08.2022
info: 17:15:11 2202.80.60
info: 17:15:11 Mon Aug 15 2022 17:15:11 GMT+0300 (за східноєвропейським літнім часом)
info: 17:15:11 Invalid Date
info: 12:32:49 --------------- Start chrome browser session -----------------
info: 12:32:49 Open minusrus page
info: 12:32:56 За підтримки Сил Спеціальних Операцій
info: 12:32:59 09.08.2022
info: 12:32:59 succes DATA
info: 12:32:59 Tue Aug 16 2022 12:32:59 GMT+0300 (за східноєвропейським літнім часом)
info: 12:32:59 Tue Aug 16 2022 00:00:00 GMT+0300 (за східноєвропейським літнім часом)
info: 12:33:04 get percent of losses from site: 90.3
info: 12:33:04 get number of losses from site: 171.56
info: 12:33:04 90.3
info: 12:33:04 90.3
info: 12:33:04 succes test with personal losses
info: 12:33:04 --------------- Start chrome browser session -----------------
info: 12:33:04 Open minusrus page
info: 12:33:12 За підтримки Сил Спеціальних Операцій
info: 12:33:15 06.08.2022
info: 12:33:15 succes DATA
info: 12:33:15 Tue Aug 16 2022 12:33:15 GMT+0300 (за східноєвропейським літнім часом)
info: 12:33:15 Tue Aug 16 2022 00:00:00 GMT+0300 (за східноєвропейським літнім часом)
info: 12:33:19 get daily percent of aircraft losses:67.6
info: 12:33:19 get daily number of aircraf losses:223
info: 12:33:19 67.6
info: 12:33:19 succes test with aircraft losses
info: 12:39:53 --------------- Start chrome browser session -----------------
info: 12:39:53 Open minusrus page
info: 12:40:01 За підтримки Сил Спеціальних Операцій
info: 12:40:04 20.09.2022
info: 12:40:04 Tue Aug 16 2022 12:40:04 GMT+0300 (за східноєвропейським літнім часом)
info: 12:40:04 Tue Sep 20 2022 00:00:00 GMT+0300 (за східноєвропейським літнім часом)
info: 12:43:12 --------------- Start chrome browser session -----------------
info: 12:43:12 Open minusrus page
info: 12:43:19 За підтримки Сил Спеціальних Операцій
info: 12:43:22 09.08.2022
info: 12:43:22 succes DATA
info: 12:43:22 Tue Aug 16 2022 12:43:22 GMT+0300 (за східноєвропейським літнім часом)
info: 12:43:22 Tue Aug 09 2022 00:00:00 GMT+0300 (за східноєвропейським літнім часом)
info: 12:43:26 get percent of losses from site: 90.3
info: 12:43:26 get number of losses from site: 171.56
info: 12:43:26 90.3
info: 12:43:26 succes test with personal losses
info: 12:43:26 --------------- Start chrome browser session -----------------
info: 12:43:26 Open minusrus page
info: 12:43:33 За підтримки Сил Спеціальних Операцій
info: 12:43:36 06.08.2022
info: 12:43:36 succes DATA
info: 12:43:36 Tue Aug 16 2022 12:43:36 GMT+0300 (за східноєвропейським літнім часом)
info: 12:43:36 Sat Aug 06 2022 00:00:00 GMT+0300 (за східноєвропейським літнім часом)
info: 12:43:42 get daily percent of aircraft losses:67.6
info: 12:43:42 get daily number of aircraf losses:223
info: 12:43:42 67.6
info: 12:43:42 succes test with aircraft losses
