{"level":"info","message":"My log","service":"user-service"}
info: 2022-06-30T15:11:10.171Z Open an American Eagle
info: 2022-06-30T15:11:15.561Z Wait for load page
error: 2022-06-30T15:11:18.641Z testing error
info: 18:22:41 Open an American Eagle
info: 18:22:47 Wait for load page
error: 18:22:50 testing error
info: 10:03:30 Open an American Eagle
info: 10:03:36 Wait for load page
error: 10:03:42 testing error
info: 11:19:23 I open American Eagle
info: 11:19:29 wait for load page
info: 11:19:36 accept cookies
info: 11:19:40 move mouse on menu item
info: 11:23:23 I open American Eagle
info: 11:23:28 wait for load page
info: 11:23:32 accept cookies
info: 11:23:35 move mouse on menu item
info: 11:27:04 I open American Eagle
info: 11:27:09 wait for load page
info: 11:27:23 move mouse on menu item
info: 12:04:54 I open American Eagle
info: 12:05:03 wait for load page
info: 12:05:12 move mouse on menu item
info: 12:05:15 click on "Men" item
info: 12:05:19 I am on "Men" page
info: 12:05:26 I reject modal window
info: 12:06:35 I open American Eagle
info: 12:06:41 wait for load page
info: 12:06:54 move mouse on menu item
info: 12:06:57 click on "Men" item
info: 12:07:01 I am on "Men" page
info: 12:07:09 I reject modal window
info: 12:07:13 Select an item
info: 12:07:17 I open page with choosed stuff
info: 12:07:25 select size
info: 12:07:29 increase amount
info: 12:07:33 decrease amount
info: 12:07:39 add this to bag
info: 12:07:43 click on "view bag" button
info: 12:07:44 I am on bag page
info: 12:07:47 I click on checkout button
info: 12:08:07 I am on checkout page
info: 12:08:10 I am typing email
info: 12:08:15 I am typing name
info: 12:08:19 I am typing lastname
info: 12:08:22 I am typing street
info: 12:08:25 I am typing floor
info: 12:08:27 I am typing city
info: 12:08:30 I am choosing state
info: 12:08:37 I am typing zip code
info: 12:08:40 click on confirm button
info: 12:08:47 I get errors
info: 12:08:48 I get find all problems
info: 13:21:08 I open American Eagle
info: 13:21:17 wait for load page
info: 13:21:25 move mouse on menu item
info: 13:21:28 click on "Men" item
info: 13:21:32 I am on "Men" page
info: 13:21:44 I reject modal window
info: 13:21:48 Select an item
info: 13:21:52 I open page with choosed stuff
info: 13:21:55 select size
info: 13:22:35 I open American Eagle
info: 13:22:41 wait for load page
info: 13:22:51 move mouse on menu item
info: 13:22:55 click on "Men" item
info: 13:22:59 I am on "Men" page
info: 13:23:05 I reject modal window
info: 13:23:09 Select an item
info: 13:23:13 I open page with choosed stuff
info: 13:23:16 select size
info: 13:23:25 increase amount
info: 13:23:28 decrease amount
info: 13:23:35 add this to bag
info: 13:23:38 click on "view bag" button
info: 13:23:42 I am on bag page
info: 13:23:45 I click on checkout button
info: 13:24:00 I am on checkout page
info: 13:24:03 I am typing email
info: 13:24:06 I am typing name
info: 13:24:09 I am typing lastname
info: 13:24:11 I am typing street
info: 13:24:14 I am typing floor
info: 13:24:16 I am typing city
info: 13:24:19 I am choosing state
info: 13:24:24 I am typing zip code
info: 13:24:26 click on confirm button
info: 13:24:33 I get errors
error: 13:24:33 Actual text: Please enter credit card number, this field can't be empty
Expected text: Please enter credit card number, this field can/t be empty
info: 13:27:28 I open American Eagle
info: 13:27:37 wait for load page
info: 13:27:47 move mouse on menu item
info: 13:27:50 click on "Men" item
info: 13:27:54 I am on "Men" page
info: 13:27:58 I reject modal window
info: 13:28:02 Select an item
info: 13:28:06 I open page with choosed stuff
info: 13:28:09 select size
info: 13:28:13 increase amount
info: 13:28:16 decrease amount
info: 13:28:22 add this to bag
info: 13:28:25 click on "view bag" button
info: 13:28:26 I am on bag page
info: 13:28:29 I click on checkout button
info: 13:28:38 I am on checkout page
info: 13:28:41 I am typing email
info: 13:28:47 I am typing name
info: 13:28:50 I am typing lastname
info: 13:28:52 I am typing street
info: 13:28:55 I am typing floor
info: 13:28:57 I am typing city
info: 13:28:59 I am choosing state
info: 13:29:04 I am typing zip code
info: 13:29:06 click on confirm button
info: 13:29:13 I get errors
info: 12:47:31 I open American Eagle
info: 12:47:37 wait for load page
info: 12:57:59 I open American Eagle
info: 12:58:03 wait for load page
info: 13:01:56 I open American Eagle
info: 13:02:02 wait for load page
info: 13:23:56 I open American Eagle
info: 13:24:01 wait for load page
info: 13:34:31 I open American Eagle
info: 13:34:37 wait for load page
info: 13:53:16 I open American Eagle
info: 13:53:23 wait for load page
info: 13:57:47 I open American Eagle
info: 13:57:52 wait for load page
info: 14:08:47 I open American Eagle
info: 14:08:53 wait for load page
info: 14:09:01 22
info: 14:09:01 [object Object]
info: 14:41:55 I open American Eagle
info: 14:42:02 wait for load page
info: 14:42:11 undefined
info: 15:02:45 I open American Eagle
info: 15:02:52 wait for load page
info: 15:03:00 undefined
info: 15:08:30 I open American Eagle
info: 15:08:38 wait for load page
info: 15:24:17 I open American Eagle
info: 15:24:24 wait for load page
info: 15:29:14 I open American Eagle
info: 15:29:20 wait for load page
info: 15:37:42 I open American Eagle
info: 15:37:49 wait for load page
info: 17:31:54 I open American Eagle
info: 17:32:01 wait for load page
info: 17:35:18 I open American Eagle
info: 17:35:24 wait for load page
info: 17:44:47 I open American Eagle
info: 17:44:53 wait for load page
info: 18:38:28 I open American Eagle
info: 18:38:35 wait for load page
info: 18:38:41 move mouse on menu item
info: 18:38:45 click on "Men" item
info: 18:38:48 I am on "Men" page
info: 18:38:55 I reject modal window
info: 18:39:01 Select an item
info: 18:39:05 I open page with choosed stuff
info: 18:39:08 select size
info: 18:39:12 increase amount
info: 18:39:16 decrease amount
info: 18:39:22 add this to bag
info: 18:39:25 click on "view bag" button
info: 18:39:26 I am on bag page
info: 18:39:29 I click on checkout button
info: 18:39:40 I am on checkout page
info: 18:39:43 I am typing email
info: 18:39:47 I am typing name
info: 18:39:50 I am typing lastname
info: 18:39:52 I am typing street
info: 18:39:55 I am typing floor
info: 18:39:57 I am typing city
info: 18:40:00 I am choosing state
info: 18:40:07 I am typing zip code
info: 18:40:09 click on confirm button
info: 10:18:04 I open American Eagle
info: 10:18:09 wait for load page
info: 10:18:21 move mouse on menu item
info: 10:18:25 click on "Men" item
info: 10:18:29 I am on "Men" page
info: 10:18:36 I reject modal window
info: 10:18:40 Select an item
info: 10:18:43 I open page with choosed stuff
info: 10:18:46 select size
info: 10:18:51 increase amount
info: 10:18:55 decrease amount
info: 10:19:01 add this to bag
info: 10:19:05 click on "view bag" button
info: 10:19:05 I am on bag page
info: 10:19:08 I click on checkout button
info: 10:19:19 I am on checkout page
info: 10:19:22 I am typing email
info: 10:19:27 I am typing name
info: 10:19:29 I am typing lastname
info: 10:19:32 I am typing street
info: 10:19:35 I am typing floor
info: 10:19:37 I am typing city
info: 10:19:41 I am choosing state
info: 10:19:47 I am typing zip code
info: 10:19:51 click on confirm button
info: 12:13:29 I open American Eagle
info: 12:13:34 wait for load page
info: 12:13:41 move mouse on menu item
info: 12:13:44 click on "Men" item
info: 12:13:47 I am on "Men" page
info: 12:13:53 I reject modal window
info: 12:13:57 Select an item
info: 12:14:01 I open page with choosed stuff
info: 12:14:04 select size
info: 12:14:07 increase amount
info: 12:14:11 decrease amount
info: 12:14:17 add this to bag
info: 12:14:20 click on "view bag" button
info: 12:14:21 I am on bag page
info: 12:14:24 I click on checkout button
info: 12:14:34 I am on checkout page
info: 12:14:37 I am typing email
info: 12:14:39 I am typing name
info: 12:14:42 I am typing lastname
info: 12:14:44 I am typing street
info: 12:14:47 I am typing floor
info: 12:14:49 I am typing city
info: 12:14:52 I am choosing state
info: 12:14:57 I am typing zip code
info: 12:14:59 click on confirm button
info: 12:15:06 I open American Eagle
info: 12:15:12 wait for load page
info: 12:27:34 I open American Eagle
info: 12:27:39 wait for load page
info: 12:27:46 move mouse on menu item
info: 12:27:49 click on "Men" item
info: 12:27:52 I am on "Men" page
info: 12:27:56 I reject modal window
info: 12:28:06 I open American Eagle
info: 12:28:10 wait for load page
info: 12:28:17 move mouse on menu item
info: 12:28:23 click on "Men" item
info: 12:29:59 I open American Eagle
info: 12:30:04 wait for load page
info: 12:30:11 move mouse on menu item
info: 12:30:14 click on "Men" item
info: 12:30:17 I am on "Men" page
info: 12:30:22 I reject modal window
info: 12:30:26 Select an item
info: 12:30:30 I open page with choosed stuff
info: 12:30:33 select size
info: 12:30:36 increase amount
info: 12:30:40 decrease amount
info: 12:30:46 add this to bag
info: 12:30:49 click on "view bag" button
info: 12:30:50 I am on bag page
info: 12:30:53 I click on checkout button
info: 12:31:01 I am on checkout page
info: 12:31:04 I am typing email
info: 12:31:06 I am typing name
info: 12:31:08 I am typing lastname
info: 12:31:11 I am typing street
info: 12:31:13 I am typing floor
info: 12:31:15 I am typing city
info: 12:31:18 I am choosing state
info: 12:31:23 I am typing zip code
info: 12:31:25 click on confirm button
info: 12:31:32 I open American Eagle
info: 12:34:11 I open American Eagle
info: 12:34:16 wait for load page
info: 12:34:22 move mouse on menu item
info: 12:34:26 click on "Men" item
info: 12:34:29 I am on "Men" page
info: 12:34:34 I reject modal window
info: 12:34:38 Select an item
info: 12:34:42 I open page with choosed stuff
info: 12:34:45 select size
info: 12:34:46 I open American Eagle
info: 12:34:52 wait for load page
info: 12:35:41 I open American Eagle
info: 12:35:46 wait for load page
info: 12:35:53 move mouse on menu item
info: 12:35:56 click on "Men" item
info: 12:35:59 I am on "Men" page
info: 12:36:04 I reject modal window
info: 12:36:08 Select an item
info: 12:36:12 I open page with choosed stuff
info: 12:36:15 select size
info: 12:36:18 increase amount
info: 12:36:22 decrease amount
info: 12:36:28 add this to bag
info: 12:36:31 click on "view bag" button
info: 12:36:32 I am on bag page
info: 12:36:35 I click on checkout button
info: 12:36:47 I am on checkout page
info: 12:36:50 I am typing email
info: 12:36:53 I am typing name
info: 12:36:55 I am typing lastname
info: 12:36:57 I am typing street
info: 12:37:00 I am typing floor
info: 12:37:02 I am typing city
info: 12:37:05 I am choosing state
info: 12:37:10 I am typing zip code
info: 12:37:12 click on confirm button
info: 12:37:19 I open American Eagle
info: 12:37:28 wait for load page
info: 12:38:45 I open American Eagle
info: 12:38:51 wait for load page
info: 12:38:58 move mouse on menu item
info: 12:39:01 click on "Men" item
info: 12:39:04 I am on "Men" page
info: 12:39:09 I reject modal window
info: 12:39:13 Select an item
info: 12:39:17 I open page with choosed stuff
info: 12:39:20 select size
info: 12:39:24 increase amount
info: 12:39:27 decrease amount
info: 12:39:33 add this to bag
info: 12:39:37 click on "view bag" button
info: 12:39:37 I am on bag page
info: 12:39:40 I click on checkout button
info: 12:39:48 I am on checkout page
info: 12:39:51 I am typing email
info: 12:39:54 I am typing name
info: 12:39:56 I am typing lastname
info: 12:39:58 I am typing street
info: 12:40:01 I am typing floor
info: 12:40:03 I am typing city
info: 12:40:06 I am choosing state
info: 12:40:11 I am typing zip code
info: 12:40:13 click on confirm button
info: 12:50:32 I open American Eagle
info: 12:50:36 wait for load page
info: 12:50:43 move mouse on menu item
info: 12:50:46 click on "Men" item
info: 12:50:50 I am on "Men" page
info: 12:50:54 I reject modal window
info: 12:50:58 Select an item
info: 12:51:02 I open page with choosed stuff
info: 12:51:05 select size
info: 12:51:09 increase amount
info: 12:51:12 decrease amount
info: 12:51:18 add this to bag
info: 12:51:21 click on "view bag" button
info: 12:51:22 I am on bag page
info: 12:51:25 I click on checkout button
info: 12:51:33 I am on checkout page
info: 12:51:36 I am typing email
info: 12:51:38 I am typing name
info: 12:51:40 I am typing lastname
info: 12:51:42 I am typing street
info: 12:51:45 I am typing floor
info: 12:51:47 I am typing city
info: 12:51:50 I am choosing state
info: 12:51:54 I am typing zip code
info: 12:51:57 click on confirm button
info: 12:52:03 I get errors
info: 11:53:13 I open American Eagle
info: 11:53:22 wait for load page
info: 11:53:33 move mouse on menu item
info: 11:53:37 click on "Men" item
info: 11:53:40 I am on "Men" page
info: 11:53:48 I reject modal window
info: 11:53:54 Select an item
info: 11:54:36 I open American Eagle
info: 11:54:43 wait for load page
info: 11:54:55 move mouse on menu item
info: 11:54:59 click on "Men" item
info: 11:55:02 I am on "Men" page
info: 11:55:09 I reject modal window
info: 11:55:16 Select an item
info: 11:56:13 I open American Eagle
info: 11:56:24 wait for load page
info: 11:56:31 move mouse on menu item
info: 11:56:34 click on "Men" item
info: 11:56:38 I am on "Men" page
info: 11:56:45 I reject modal window
info: 11:56:52 Select an item
info: 11:58:00 I open American Eagle
info: 11:58:04 wait for load page
info: 11:58:16 move mouse on menu item
info: 11:58:19 click on "Men" item
info: 11:58:22 I am on "Men" page
info: 11:58:27 I reject modal window
info: 11:58:33 Select an item
info: 11:58:37 I open page with choosed stuff
info: 11:58:40 select size
info: 11:58:45 increase amount
info: 11:58:48 decrease amount
info: 11:58:55 add this to bag
info: 11:58:58 click on "view bag" button
info: 11:58:58 I am on bag page
info: 11:59:01 I click on checkout button
info: 11:59:17 I am on checkout page
info: 11:59:20 I am typing email
info: 11:59:26 I am typing name
info: 11:59:28 I am typing lastname
info: 11:59:31 I am typing street
info: 11:59:33 I am typing floor
info: 11:59:36 I am typing city
info: 11:59:39 I am choosing state
info: 11:59:43 I am typing zip code
info: 11:59:46 click on confirm button
info: 11:59:52 I get errors
info: 12:00:54 I open American Eagle
info: 12:01:02 wait for load page
info: 12:01:13 move mouse on menu item
info: 12:01:16 click on "Men" item
info: 12:01:20 I am on "Men" page
info: 12:01:27 I reject modal window
info: 12:01:34 Select an item
info: 12:41:13 I open American Eagle
info: 12:41:21 wait for load page
info: 12:41:32 move mouse on menu item
info: 12:41:36 click on "Men" item
info: 12:41:39 I am on "Men" page
info: 12:41:46 I reject modal window
info: 12:41:53 Select an item
info: 12:43:33 I open American Eagle
info: 12:43:41 wait for load page
info: 12:43:53 move mouse on menu item
info: 12:43:56 click on "Men" item
info: 12:44:00 I am on "Men" page
info: 12:44:07 I reject modal window
info: 12:44:14 Select an item
info: 12:44:14 my
info: 12:46:26 I open American Eagle
info: 12:46:37 wait for load page
info: 12:46:44 move mouse on menu item
info: 12:46:47 click on "Men" item
info: 12:46:51 I am on "Men" page
info: 12:47:01 I reject modal window
info: 12:47:07 Select an item
info: 12:47:07 my
info: 12:48:20 I open American Eagle
info: 12:48:28 wait for load page
info: 12:48:40 move mouse on menu item
info: 12:48:43 click on "Men" item
info: 12:48:47 I am on "Men" page
info: 12:48:54 I reject modal window
info: 12:49:00 Select an item
info: 12:49:00 my
info: 12:59:16 I open American Eagle
info: 12:59:24 wait for load page
info: 12:59:35 move mouse on menu item
info: 12:59:39 click on "Men" item
info: 12:59:42 I am on "Men" page
info: 12:59:49 I reject modal window
info: 12:59:56 Select an item
info: 12:59:56 my
info: 13:02:00 I open American Eagle
info: 13:02:05 wait for load page
info: 13:02:15 move mouse on menu item
info: 13:02:19 click on "Men" item
info: 13:02:22 I am on "Men" page
info: 13:02:30 I reject modal window
info: 13:02:34 Select an item
info: 13:02:34 my
info: 13:02:38 I open page with choosed stuff
info: 13:02:41 select size
info: 13:02:46 increase amount
info: 13:02:50 decrease amount
info: 13:02:56 add this to bag
info: 13:03:00 click on "view bag" button
info: 13:03:00 I am on bag page
info: 13:03:03 I click on checkout button
info: 13:03:15 I am on checkout page
info: 13:03:18 I am typing email
info: 13:03:22 I am typing name
info: 13:03:24 I am typing lastname
info: 13:03:27 I am typing street
info: 13:03:29 I am typing floor
info: 13:03:32 I am typing city
info: 13:03:35 I am choosing state
info: 13:03:39 I am typing zip code
info: 13:03:42 click on confirm button
info: 13:03:48 I get errors
info: 13:06:21 I open American Eagle
info: 13:06:29 wait for load page
info: 13:06:40 move mouse on menu item
info: 13:06:43 click on "Men" item
info: 13:06:47 I am on "Men" page
info: 13:06:54 I reject modal window
info: 13:07:01 Select an item
info: 13:08:25 I open American Eagle
info: 13:08:30 wait for load page
info: 13:08:39 move mouse on menu item
info: 13:08:43 click on "Men" item
info: 13:08:46 I am on "Men" page
info: 13:08:53 I reject modal window
info: 13:08:56 Select an item
info: 13:09:00 I open page with choosed stuff
info: 13:09:03 select size
info: 13:09:08 increase amount
info: 13:09:11 decrease amount
info: 13:09:18 add this to bag
info: 13:09:21 click on "view bag" button
info: 13:09:21 I am on bag page
info: 13:09:24 I click on checkout button
info: 13:09:40 I am on checkout page
info: 13:09:43 I am typing email
info: 13:17:03 I open American Eagle
info: 13:17:11 wait for load page
info: 13:17:22 move mouse on menu item
info: 13:17:25 click on "Men" item
info: 13:17:29 I am on "Men" page
info: 13:17:36 I reject modal window
info: 13:17:42 Select an item
info: 13:18:58 I open American Eagle
info: 13:19:05 wait for load page
info: 13:19:16 move mouse on menu item
info: 13:19:19 click on "Men" item
info: 13:19:23 I am on "Men" page
info: 13:19:30 I reject modal window
info: 13:19:37 Select an item
info: 13:21:07 I open American Eagle
info: 13:21:14 wait for load page
info: 13:21:25 move mouse on menu item
info: 13:21:29 click on "Men" item
info: 13:21:32 I am on "Men" page
info: 13:21:40 I reject modal window
info: 13:21:50 Select an item
info: 13:30:11 I open American Eagle
info: 13:30:19 wait for load page
info: 13:30:30 move mouse on menu item
info: 13:30:33 click on "Men" item
info: 13:30:37 I am on "Men" page
info: 13:30:44 I reject modal window
info: 13:30:50 Select an item
info: 13:32:09 I open American Eagle
info: 13:32:16 wait for load page
info: 13:32:27 move mouse on menu item
info: 13:32:30 click on "Men" item
info: 13:32:34 I am on "Men" page
info: 13:32:41 I reject modal window
info: 13:32:48 Select an item
info: 13:41:32 I open American Eagle
info: 13:41:40 wait for load page
info: 13:41:50 move mouse on menu item
info: 13:41:54 click on "Men" item
info: 13:41:57 I am on "Men" page
info: 13:42:05 I reject modal window
info: 13:42:12 Select an item
info: 13:48:24 I open American Eagle
info: 13:48:32 wait for load page
info: 13:48:43 move mouse on menu item
info: 13:48:46 click on "Men" item
info: 13:48:50 I am on "Men" page
info: 13:48:57 I reject modal window
info: 13:49:02 Select an item
info: 14:51:46 I open American Eagle
info: 14:51:54 wait for load page
info: 14:52:05 move mouse on menu item
info: 14:52:08 click on "Men" item
info: 14:52:12 I am on "Men" page
info: 14:52:19 I reject modal window
info: 14:52:25 Select an item
info: 15:39:50 I open American Eagle
info: 15:39:58 wait for load page
info: 15:40:09 move mouse on menu item
info: 15:40:13 click on "Men" item
info: 15:40:16 I am on "Men" page
info: 15:40:24 I reject modal window
info: 15:40:31 Select an item
info: 15:52:27 I open American Eagle
info: 15:52:37 wait for load page
info: 15:52:50 move mouse on menu item
info: 15:52:54 click on "Men" item
info: 15:52:57 I am on "Men" page
info: 15:53:06 I reject modal window
info: 15:53:14 Select an item
info: 15:57:15 I open American Eagle
info: 15:57:25 wait for load page
info: 15:57:38 move mouse on menu item
info: 15:57:42 click on "Men" item
info: 15:57:45 I am on "Men" page
info: 15:57:54 I reject modal window
info: 15:58:02 Select an item
info: 16:00:11 I open American Eagle
info: 16:00:20 wait for load page
info: 16:00:34 move mouse on menu item
info: 16:00:37 click on "Men" item
info: 16:00:41 I am on "Men" page
info: 16:00:50 I reject modal window
info: 16:00:57 Select an item
info: 16:03:59 I open American Eagle
info: 16:04:09 wait for load page
info: 16:04:22 move mouse on menu item
info: 16:04:26 click on "Men" item
info: 16:04:29 I am on "Men" page
info: 16:04:40 I reject modal window
info: 16:04:47 Select an item
info: 16:04:47 start waiting
info: 16:04:57 stop waiting
info: 16:10:37 I open American Eagle
info: 16:10:46 wait for load page
info: 16:10:59 move mouse on menu item
info: 16:11:03 click on "Men" item
info: 16:11:06 I am on "Men" page
info: 16:11:16 I reject modal window
info: 16:11:23 Select an item
info: 16:11:23 start waiting
info: 16:11:33 stop waiting
info: 16:11:33 try one more time
info: 16:15:25 I open American Eagle
info: 16:15:36 wait for load page
info: 16:15:48 move mouse on menu item
info: 16:15:52 click on "Men" item
info: 16:15:55 I am on "Men" page
info: 16:16:04 I reject modal window
info: 16:16:12 Select an item
info: 16:16:12 start waiting
info: 16:16:22 stop waiting
info: 16:16:22 try one more time
info: 16:19:47 I open American Eagle
info: 16:19:57 wait for load page
info: 16:20:08 move mouse on menu item
info: 16:20:12 click on "Men" item
info: 16:20:15 I am on "Men" page
info: 16:20:23 I reject modal window
info: 16:20:30 Select an item
info: 16:20:30 start waiting
info: 16:20:40 stop waiting
info: 16:20:50 try one more time
info: 16:22:47 I open American Eagle
info: 16:22:54 wait for load page
info: 16:23:06 move mouse on menu item
info: 16:23:09 click on "Men" item
info: 16:23:13 I am on "Men" page
info: 16:23:20 I reject modal window
info: 16:23:27 Select an item
info: 16:23:27 start waiting
info: 16:23:37 stop waiting
info: 16:23:47 I open page with choosed stuff
info: 16:23:50 select size
info: 16:41:45 I open American Eagle
info: 16:41:53 wait for load page
info: 16:42:03 move mouse on menu item
info: 16:42:07 click on "Men" item
info: 16:42:10 I am on "Men" page
info: 16:42:16 I reject modal window
info: 16:42:21 Select an item
info: 16:42:27 I open page with choosed stuff
info: 16:42:30 select size
info: 16:42:34 increase amount
info: 16:42:38 decrease amount
info: 16:42:44 add this to bag
info: 16:42:48 click on "view bag" button
info: 16:42:48 I am on bag page
info: 16:42:51 I click on checkout button
info: 16:42:55 I am on checkout page
info: 16:42:58 I am typing email
info: 16:43:01 I am typing name
info: 16:43:05 I am typing lastname
info: 16:43:07 I am typing street
info: 16:43:09 I am typing floor
info: 16:43:11 I am typing city
info: 16:43:14 I am choosing state
info: 16:43:19 I am typing zip code
info: 16:43:21 click on confirm button
info: 16:43:27 I get errors
info: 13:22:18 I open American Eagle
info: 13:22:23 wait for load page
info: 13:35:37 I open American Eagle
info: 13:35:42 wait for load page
info: 13:37:00 I open American Eagle
info: 13:37:08 wait for load page
info: 13:40:19 I open American Eagle
info: 13:40:24 wait for load page
info: 15:33:16 I open American Eagle
info: 15:33:20 wait for load page
info: 15:34:54 I open American Eagle
info: 15:34:59 wait for load page
info: 15:35:57 I open American Eagle
info: 15:37:30 I open American Eagle
info: 15:37:37 wait for load page
info: 15:46:05 I open American Eagle
info: 15:46:09 wait for load page
info: 15:50:05 I open American Eagle
info: 15:52:50 I open American Eagle
info: 15:53:04 I open American Eagle
info: 15:54:42 I open American Eagle
info: 15:54:47 wait for load page
info: 15:54:57 move mouse on menu item
info: 15:55:00 click on "Men" item
info: 15:55:03 I am on "Men" page
info: 15:55:10 I reject modal window
info: 15:55:14 Select an item
info: 15:55:19 I open page with choosed stuff
info: 15:55:22 select size
info: 15:55:27 increase amount
info: 15:55:30 decrease amount
info: 15:55:37 add this to bag
info: 15:55:40 click on "view bag" button
info: 15:55:40 I am on bag page
info: 15:55:43 I click on checkout button
info: 15:55:54 I am on checkout page
info: 15:55:57 I am typing email
info: 15:56:01 I am typing name
info: 15:56:04 I am typing lastname
info: 15:56:06 I am typing street
info: 15:56:09 I am typing floor
info: 15:56:11 I am typing city
info: 15:56:14 I am choosing state
info: 15:56:19 I am typing zip code
info: 15:56:21 click on confirm button
info: 15:56:27 I get errors
info: 15:59:36 I open American Eagle
info: 15:59:44 wait for load page
info: 15:59:56 move mouse on menu item
info: 15:59:59 click on "Men" item
info: 16:00:03 I am on "Men" page
info: 16:00:10 I reject modal window
info: 16:00:16 Select an item
info: 16:00:22 I open page with choosed stuff
info: 16:00:25 select size
info: 16:00:31 increase amount
info: 16:00:35 decrease amount
info: 16:00:41 add this to bag
info: 16:00:45 click on "view bag" button
info: 16:00:45 I am on bag page
info: 16:00:48 I click on checkout button
info: 16:00:53 I am on checkout page
info: 16:00:56 I am typing email
info: 16:01:04 I am typing name
info: 16:01:07 I am typing lastname
info: 16:01:09 I am typing street
info: 16:01:12 I am typing floor
info: 16:01:14 I am typing city
info: 16:01:22 I am choosing state
info: 16:01:27 I am typing zip code
info: 16:01:29 click on confirm button
info: 16:02:15 I open American Eagle
info: 16:02:22 wait for load page
info: 16:02:34 move mouse on menu item
info: 16:02:37 click on "Men" item
info: 16:02:41 I am on "Men" page
info: 16:02:48 I reject modal window
info: 16:02:54 Select an item
info: 16:03:00 I open page with choosed stuff
info: 16:03:03 select size
info: 16:03:07 increase amount
info: 16:03:11 decrease amount
info: 16:03:17 add this to bag
info: 16:03:21 click on "view bag" button
info: 16:03:21 I am on bag page
info: 16:03:24 I click on checkout button
info: 16:03:29 I am on checkout page
info: 16:03:32 I am typing email
info: 16:03:38 I am typing name
info: 16:03:41 I am typing lastname
info: 16:03:43 I am typing street
info: 16:03:45 I am typing floor
info: 16:03:48 I am typing city
info: 16:03:50 I am choosing state
info: 16:03:55 I am typing zip code
info: 16:03:57 click on confirm button
info: 16:06:28 I open American Eagle
info: 16:06:36 wait for load page
info: 16:06:47 move mouse on menu item
info: 16:06:51 click on "Men" item
info: 16:06:54 I am on "Men" page
info: 16:07:03 I reject modal window
info: 16:07:09 Select an item
info: 16:07:15 I open page with choosed stuff
info: 16:07:18 select size
info: 16:07:22 increase amount
info: 16:07:26 decrease amount
info: 16:07:32 add this to bag
info: 16:07:36 click on "view bag" button
info: 16:07:37 I am on bag page
info: 16:07:40 I click on checkout button
info: 16:07:44 I am on checkout page
info: 16:07:47 I am typing email
info: 16:07:54 I am typing name
info: 16:07:56 I am typing lastname
info: 16:07:59 I am typing street
info: 16:08:01 I am typing floor
info: 16:08:03 I am typing city
info: 16:08:06 I am choosing state
info: 16:08:11 I am typing zip code
info: 16:08:13 click on confirm button
info: 16:08:19 I get errors
info: 14:14:00 I open American Eagle
info: 14:14:05 wait for load page
info: 14:14:14 move mouse on menu item
info: 14:14:18 click on "Men" item
info: 14:14:21 I am on "Men" page
info: 14:14:27 I reject modal window
info: 14:14:31 Select an item
info: 14:14:36 I open page with choosed stuff
info: 14:14:39 select size
info: 14:14:44 increase amount
info: 14:14:47 decrease amount
info: 14:14:53 add this to bag
info: 14:14:57 click on "view bag" button
info: 14:14:57 I am on bag page
info: 14:15:00 I click on checkout button
info: 14:15:10 I am on checkout page
info: 14:15:13 I am typing email
info: 14:15:17 I am typing name
info: 14:15:19 I am typing lastname
info: 14:15:22 I am typing street
info: 14:15:24 I am typing floor
info: 10:25:18 I open American Eagle
info: 10:25:24 wait for load page
info: 10:28:54 I open American Eagle
info: 10:28:56 wait for load page
info: 10:31:25 I open American Eagle
info: 10:31:29 wait for load page
info: 10:31:38 move mouse on menu item
info: 10:31:42 click on "Men" item
info: 10:31:45 I am on "Men" page
info: 10:31:50 I reject modal window
info: 10:31:55 Select an item
info: 10:32:01 I open page with choosed stuff
info: 10:32:04 select size
info: 10:32:09 increase amount
info: 10:32:13 decrease amount
info: 10:32:19 add this to bag
info: 10:32:23 click on "view bag" button
info: 10:32:23 I am on bag page
info: 10:32:26 I click on checkout button
info: 10:32:42 I am on checkout page
info: 10:32:45 I am typing email
info: 10:32:48 I am typing name
info: 10:32:50 I am typing lastname
info: 10:32:53 I am typing street
info: 10:32:55 I am typing floor
info: 10:32:58 I am typing city
info: 10:33:00 I am choosing state
info: 10:33:05 I am typing zip code
info: 10:33:07 click on confirm button
info: 10:33:13 I get errors
info: 16:45:29 I open American Eagle
info: 16:45:44 wait for load page
info: 15:00:00 undefined
info: 15:00:00 I open American Eagle
info: 15:00:07 wait for load page
info: 15:07:10 undefined
info: 15:29:11 [object Object]
info: 15:29:11 I open American Eagle
info: 15:31:20 undefined
info: 15:32:36 I open American Eagle
info: 15:32:40 wait for load page
info: 15:36:19 I open American Eagle
info: 15:36:25 wait for load page
info: 15:37:35 I open American Eagle
info: 15:37:45 wait for load page
info: 14:06:49 I open American Eagle
info: 14:07:04 wait for load page
info: 14:07:39 I open American Eagle
info: 14:08:58 I open American Eagle
info: 14:09:52 I open American Eagle
info: 14:09:58 wait for load page
info: 14:12:03 I open American Eagle
info: 14:12:15 wait for load page
